2023-05-13T09:19:12.274+04:00  INFO 3404 --- [main] c.e.c.ConfigServerApplication            : Starting ConfigServerApplication using Java 19.0.1 with PID 3404 (C:\Users\HP\springproject\miroServiceecommerce\config-server\target\classes started by HP in C:\Users\HP\springproject\miroServiceecommerce)
2023-05-13T09:19:12.300+04:00  INFO 3404 --- [main] c.e.c.ConfigServerApplication            : No active profile set, falling back to 1 default profile: "default"
2023-05-13T09:19:16.253+04:00  INFO 3404 --- [main] o.s.cloud.context.scope.GenericScope     : BeanFactory id=7598a340-e445-39d9-a319-cc2eb2bf3128
2023-05-13T09:19:17.145+04:00  INFO 3404 --- [main] o.s.b.w.embedded.tomcat.TomcatWebServer  : Tomcat initialized with port(s): 8888 (http)
2023-05-13T09:19:17.168+04:00  INFO 3404 --- [main] o.apache.catalina.core.StandardService   : Starting service [Tomcat]
2023-05-13T09:19:17.169+04:00  INFO 3404 --- [main] o.apache.catalina.core.StandardEngine    : Starting Servlet engine: [Apache Tomcat/10.1.8]
2023-05-13T09:19:17.429+04:00  INFO 3404 --- [main] o.a.c.c.C.[Tomcat].[localhost].[/]       : Initializing Spring embedded WebApplicationContext
2023-05-13T09:19:17.430+04:00  INFO 3404 --- [main] w.s.c.ServletWebServerApplicationContext : Root WebApplicationContext: initialization completed in 4940 ms
2023-05-13T09:19:20.517+04:00  INFO 3404 --- [main] o.s.cloud.commons.util.InetUtils         : Cannot determine local hostname
2023-05-13T09:19:26.743+04:00  INFO 3404 --- [main] o.s.cloud.commons.util.InetUtils         : Cannot determine local hostname
2023-05-13T09:19:26.789+04:00  INFO 3404 --- [main] DiscoveryClientOptionalArgsConfiguration : Eureka HTTP Client uses RestTemplate.
2023-05-13T09:19:27.016+04:00  WARN 3404 --- [main] iguration$LoadBalancerCaffeineWarnLogger : Spring Cloud LoadBalancer is currently working with the default cache. While this cache implementation is useful for development and tests, it's recommended to use Caffeine cache in production.You can switch to using Caffeine cache, by adding it and org.springframework.cache.caffeine.CaffeineCacheManager to the classpath.
2023-05-13T09:19:27.040+04:00  INFO 3404 --- [main] o.s.b.a.e.web.EndpointLinksResolver      : Exposing 17 endpoint(s) beneath base path '/actuator'
2023-05-13T09:19:27.208+04:00  INFO 3404 --- [main] o.s.c.n.eureka.InstanceInfoFactory       : Setting initial instance status as: STARTING
2023-05-13T09:19:27.535+04:00  INFO 3404 --- [main] com.netflix.discovery.DiscoveryClient    : Initializing Eureka in region us-east-1
2023-05-13T09:19:27.560+04:00  INFO 3404 --- [main] c.n.d.s.r.aws.ConfigClusterResolver      : Resolving eureka endpoints via configuration
2023-05-13T09:19:27.624+04:00  INFO 3404 --- [main] com.netflix.discovery.DiscoveryClient    : Disable delta property : false
2023-05-13T09:19:27.625+04:00  INFO 3404 --- [main] com.netflix.discovery.DiscoveryClient    : Single vip registry refresh property : null
2023-05-13T09:19:27.625+04:00  INFO 3404 --- [main] com.netflix.discovery.DiscoveryClient    : Force full registry fetch : false
2023-05-13T09:19:27.625+04:00  INFO 3404 --- [main] com.netflix.discovery.DiscoveryClient    : Application is null : false
2023-05-13T09:19:27.626+04:00  INFO 3404 --- [main] com.netflix.discovery.DiscoveryClient    : Registered Applications size is zero : true
2023-05-13T09:19:27.626+04:00  INFO 3404 --- [main] com.netflix.discovery.DiscoveryClient    : Application version is -1: true
2023-05-13T09:19:27.627+04:00  INFO 3404 --- [main] com.netflix.discovery.DiscoveryClient    : Getting all instance registry info from the eureka server
2023-05-13T09:19:28.896+04:00  INFO 3404 --- [main] com.netflix.discovery.DiscoveryClient    : The response status is 200
2023-05-13T09:19:28.901+04:00  INFO 3404 --- [main] com.netflix.discovery.DiscoveryClient    : Starting heartbeat executor: renew interval is: 30
2023-05-13T09:19:28.906+04:00  INFO 3404 --- [main] c.n.discovery.InstanceInfoReplicator     : InstanceInfoReplicator onDemand update allowed rate per min is 4
2023-05-13T09:19:28.918+04:00  INFO 3404 --- [main] com.netflix.discovery.DiscoveryClient    : Discovery Client initialized at timestamp 1683955168916 with initial instances count: 0
2023-05-13T09:19:28.921+04:00  INFO 3404 --- [main] o.s.c.n.e.s.EurekaServiceRegistry        : Registering application CONFIG-SERVER-ECOMMERCE with eureka with status UP
2023-05-13T09:19:28.922+04:00  INFO 3404 --- [main] com.netflix.discovery.DiscoveryClient    : Saw local status change event StatusChangeEvent [timestamp=1683955168922, current=UP, previous=STARTING]
2023-05-13T09:19:28.926+04:00  INFO 3404 --- [DiscoveryClient-InstanceInfoReplicator-0] com.netflix.discovery.DiscoveryClient    : DiscoveryClient_CONFIG-SERVER-ECOMMERCE/localhost:config-server-ecommerce:8888: registering service...
2023-05-13T09:19:28.967+04:00  INFO 3404 --- [main] o.s.b.w.embedded.tomcat.TomcatWebServer  : Tomcat started on port(s): 8888 (http) with context path ''
2023-05-13T09:19:28.968+04:00  INFO 3404 --- [main] .s.c.n.e.s.EurekaAutoServiceRegistration : Updating port to 8888
2023-05-13T09:19:29.289+04:00  INFO 3404 --- [DiscoveryClient-InstanceInfoReplicator-0] com.netflix.discovery.DiscoveryClient    : DiscoveryClient_CONFIG-SERVER-ECOMMERCE/localhost:config-server-ecommerce:8888 - registration status: 204
2023-05-13T09:19:30.272+04:00  INFO 3404 --- [main] o.s.cloud.commons.util.InetUtils         : Cannot determine local hostname
2023-05-13T09:19:30.325+04:00  INFO 3404 --- [main] c.e.c.ConfigServerApplication            : Started ConfigServerApplication in 20.583 seconds (process running for 23.237)
2023-05-13T09:19:58.915+04:00  INFO 3404 --- [DiscoveryClient-CacheRefreshExecutor-0] com.netflix.discovery.DiscoveryClient    : Disable delta property : false
2023-05-13T09:19:58.916+04:00  INFO 3404 --- [DiscoveryClient-CacheRefreshExecutor-0] com.netflix.discovery.DiscoveryClient    : Single vip registry refresh property : null
2023-05-13T09:19:58.917+04:00  INFO 3404 --- [DiscoveryClient-CacheRefreshExecutor-0] com.netflix.discovery.DiscoveryClient    : Force full registry fetch : false
2023-05-13T09:19:58.917+04:00  INFO 3404 --- [DiscoveryClient-CacheRefreshExecutor-0] com.netflix.discovery.DiscoveryClient    : Application is null : false
2023-05-13T09:19:58.917+04:00  INFO 3404 --- [DiscoveryClient-CacheRefreshExecutor-0] com.netflix.discovery.DiscoveryClient    : Registered Applications size is zero : true
2023-05-13T09:19:58.918+04:00  INFO 3404 --- [DiscoveryClient-CacheRefreshExecutor-0] com.netflix.discovery.DiscoveryClient    : Application version is -1: false
2023-05-13T09:19:58.918+04:00  INFO 3404 --- [DiscoveryClient-CacheRefreshExecutor-0] com.netflix.discovery.DiscoveryClient    : Getting all instance registry info from the eureka server
2023-05-13T09:19:58.998+04:00  INFO 3404 --- [DiscoveryClient-CacheRefreshExecutor-0] com.netflix.discovery.DiscoveryClient    : The response status is 200
2023-05-13T09:20:23.820+04:00  INFO 3404 --- [http-nio-8888-exec-1] o.a.c.c.C.[Tomcat].[localhost].[/]       : Initializing Spring DispatcherServlet 'dispatcherServlet'
2023-05-13T09:20:23.821+04:00  INFO 3404 --- [http-nio-8888-exec-1] o.s.web.servlet.DispatcherServlet        : Initializing Servlet 'dispatcherServlet'
2023-05-13T09:20:23.823+04:00  INFO 3404 --- [http-nio-8888-exec-1] o.s.web.servlet.DispatcherServlet        : Completed initialization in 2 ms
2023-05-13T09:20:25.027+04:00  INFO 3404 --- [http-nio-8888-exec-1] o.s.c.c.s.e.NativeEnvironmentRepository  : Adding property source: Config resource 'file [C:\Users\HP\AppData\Local\Temp\config-repo-15431066209421366141\COUNTRY-AND-TOWN.properties]' via location 'file:/C:/Users/HP/AppData/Local/Temp/config-repo-15431066209421366141/'
2023-05-13T09:20:41.759+04:00  INFO 3404 --- [http-nio-8888-exec-2] o.s.c.c.s.e.NativeEnvironmentRepository  : Adding property source: Config resource 'file [C:\Users\HP\AppData\Local\Temp\config-repo-15431066209421366141\ECOMMERCE-BACKEND.properties]' via location 'file:/C:/Users/HP/AppData/Local/Temp/config-repo-15431066209421366141/'
2023-05-13T09:21:30.962+04:00  INFO 3404 --- [http-nio-8888-exec-4] o.s.c.c.s.e.NativeEnvironmentRepository  : Adding property source: Config resource 'file [C:\Users\HP\AppData\Local\Temp\config-repo-15431066209421366141\ECOMMERCE-ORDERS.properties]' via location 'file:/C:/Users/HP/AppData/Local/Temp/config-repo-15431066209421366141/'
2023-05-13T09:24:27.634+04:00  INFO 3404 --- [AsyncResolver-bootstrap-executor-0] c.n.d.s.r.aws.ConfigClusterResolver      : Resolving eureka endpoints via configuration
2023-05-13T09:25:12.059+04:00  INFO 3404 --- [http-nio-8888-exec-7] o.s.c.c.s.e.NativeEnvironmentRepository  : Adding property source: Config resource 'file [C:\Users\HP\AppData\Local\Temp\config-repo-15431066209421366141\ECOMMERCE-ORDERS.properties]' via location 'file:/C:/Users/HP/AppData/Local/Temp/config-repo-15431066209421366141/'
2023-05-13T09:29:27.648+04:00  INFO 3404 --- [AsyncResolver-bootstrap-executor-0] c.n.d.s.r.aws.ConfigClusterResolver      : Resolving eureka endpoints via configuration
2023-05-13T09:34:27.661+04:00  INFO 3404 --- [AsyncResolver-bootstrap-executor-0] c.n.d.s.r.aws.ConfigClusterResolver      : Resolving eureka endpoints via configuration
2023-05-13T09:35:04.313+04:00  INFO 3404 --- [http-nio-8888-exec-9] o.s.c.c.s.e.NativeEnvironmentRepository  : Adding property source: Config resource 'file [C:\Users\HP\AppData\Local\Temp\config-repo-15431066209421366141\ECOMMERCE-ORDERS.properties]' via location 'file:/C:/Users/HP/AppData/Local/Temp/config-repo-15431066209421366141/'
2023-05-13T09:39:27.673+04:00  INFO 3404 --- [AsyncResolver-bootstrap-executor-0] c.n.d.s.r.aws.ConfigClusterResolver      : Resolving eureka endpoints via configuration
2023-05-13T09:44:27.687+04:00  INFO 3404 --- [AsyncResolver-bootstrap-executor-0] c.n.d.s.r.aws.ConfigClusterResolver      : Resolving eureka endpoints via configuration
2023-05-13T09:49:27.701+04:00  INFO 3404 --- [AsyncResolver-bootstrap-executor-0] c.n.d.s.r.aws.ConfigClusterResolver      : Resolving eureka endpoints via configuration
2023-05-13T09:54:27.710+04:00  INFO 3404 --- [AsyncResolver-bootstrap-executor-0] c.n.d.s.r.aws.ConfigClusterResolver      : Resolving eureka endpoints via configuration
2023-05-13T09:59:27.847+04:00  INFO 3404 --- [AsyncResolver-bootstrap-executor-0] c.n.d.s.r.aws.ConfigClusterResolver      : Resolving eureka endpoints via configuration
2023-05-13T10:04:27.916+04:00  INFO 3404 --- [AsyncResolver-bootstrap-executor-0] c.n.d.s.r.aws.ConfigClusterResolver      : Resolving eureka endpoints via configuration
2023-05-13T10:09:27.953+04:00  INFO 3404 --- [AsyncResolver-bootstrap-executor-0] c.n.d.s.r.aws.ConfigClusterResolver      : Resolving eureka endpoints via configuration
2023-05-13T10:14:27.958+04:00  INFO 3404 --- [AsyncResolver-bootstrap-executor-0] c.n.d.s.r.aws.ConfigClusterResolver      : Resolving eureka endpoints via configuration
2023-05-13T10:19:17.132+04:00  INFO 3404 --- [http-nio-8888-exec-1] o.s.c.c.s.e.NativeEnvironmentRepository  : Adding property source: Config resource 'file [C:\Users\HP\AppData\Local\Temp\config-repo-15431066209421366141\ECOMMERCE-ORDERS.properties]' via location 'file:/C:/Users/HP/AppData/Local/Temp/config-repo-15431066209421366141/'
2023-05-13T10:19:27.963+04:00  INFO 3404 --- [AsyncResolver-bootstrap-executor-0] c.n.d.s.r.aws.ConfigClusterResolver      : Resolving eureka endpoints via configuration
2023-05-13T10:24:28.069+04:00  INFO 3404 --- [AsyncResolver-bootstrap-executor-0] c.n.d.s.r.aws.ConfigClusterResolver      : Resolving eureka endpoints via configuration
2023-05-13T10:29:28.125+04:00  INFO 3404 --- [AsyncResolver-bootstrap-executor-0] c.n.d.s.r.aws.ConfigClusterResolver      : Resolving eureka endpoints via configuration
2023-05-13T10:34:28.176+04:00  INFO 3404 --- [AsyncResolver-bootstrap-executor-0] c.n.d.s.r.aws.ConfigClusterResolver      : Resolving eureka endpoints via configuration
2023-05-13T10:39:28.190+04:00  INFO 3404 --- [AsyncResolver-bootstrap-executor-0] c.n.d.s.r.aws.ConfigClusterResolver      : Resolving eureka endpoints via configuration
2023-05-13T10:41:00.566+04:00  INFO 3404 --- [http-nio-8888-exec-3] o.s.c.c.s.e.NativeEnvironmentRepository  : Adding property source: Config resource 'file [C:\Users\HP\AppData\Local\Temp\config-repo-15431066209421366141\ECOMMERCE-ORDERS.properties]' via location 'file:/C:/Users/HP/AppData/Local/Temp/config-repo-15431066209421366141/'
2023-05-13T10:44:28.248+04:00  INFO 3404 --- [AsyncResolver-bootstrap-executor-0] c.n.d.s.r.aws.ConfigClusterResolver      : Resolving eureka endpoints via configuration
2023-05-13T10:49:28.270+04:00  INFO 3404 --- [AsyncResolver-bootstrap-executor-0] c.n.d.s.r.aws.ConfigClusterResolver      : Resolving eureka endpoints via configuration
2023-05-13T10:51:32.859+04:00  INFO 3404 --- [http-nio-8888-exec-5] o.s.c.c.s.e.NativeEnvironmentRepository  : Adding property source: Config resource 'file [C:\Users\HP\AppData\Local\Temp\config-repo-15431066209421366141\ECOMMERCE-ORDERS.properties]' via location 'file:/C:/Users/HP/AppData/Local/Temp/config-repo-15431066209421366141/'
2023-05-13T10:54:28.293+04:00  INFO 3404 --- [AsyncResolver-bootstrap-executor-0] c.n.d.s.r.aws.ConfigClusterResolver      : Resolving eureka endpoints via configuration
2023-05-13T10:59:28.303+04:00  INFO 3404 --- [AsyncResolver-bootstrap-executor-0] c.n.d.s.r.aws.ConfigClusterResolver      : Resolving eureka endpoints via configuration
2023-05-13T11:04:28.308+04:00  INFO 3404 --- [AsyncResolver-bootstrap-executor-0] c.n.d.s.r.aws.ConfigClusterResolver      : Resolving eureka endpoints via configuration
2023-05-13T11:09:28.324+04:00  INFO 3404 --- [AsyncResolver-bootstrap-executor-0] c.n.d.s.r.aws.ConfigClusterResolver      : Resolving eureka endpoints via configuration
2023-05-13T11:14:28.335+04:00  INFO 3404 --- [AsyncResolver-bootstrap-executor-0] c.n.d.s.r.aws.ConfigClusterResolver      : Resolving eureka endpoints via configuration
2023-05-13T11:19:28.638+04:00  INFO 3404 --- [AsyncResolver-bootstrap-executor-0] c.n.d.s.r.aws.ConfigClusterResolver      : Resolving eureka endpoints via configuration
2023-05-13T11:24:28.657+04:00  INFO 3404 --- [AsyncResolver-bootstrap-executor-0] c.n.d.s.r.aws.ConfigClusterResolver      : Resolving eureka endpoints via configuration
2023-05-13T11:29:28.661+04:00  INFO 3404 --- [AsyncResolver-bootstrap-executor-0] c.n.d.s.r.aws.ConfigClusterResolver      : Resolving eureka endpoints via configuration
2023-05-13T13:36:29.123+04:00  INFO 9012 --- [main] c.e.c.ConfigServerApplication            : Starting ConfigServerApplication using Java 19.0.1 with PID 9012 (C:\Users\HP\springproject\miroServiceecommerce\config-server\target\classes started by HP in C:\Users\HP\springproject\miroServiceecommerce)
2023-05-13T13:36:29.143+04:00  INFO 9012 --- [main] c.e.c.ConfigServerApplication            : No active profile set, falling back to 1 default profile: "default"
2023-05-13T13:36:33.069+04:00  INFO 9012 --- [main] o.s.cloud.context.scope.GenericScope     : BeanFactory id=7598a340-e445-39d9-a319-cc2eb2bf3128
2023-05-13T13:36:34.023+04:00  INFO 9012 --- [main] o.s.b.w.embedded.tomcat.TomcatWebServer  : Tomcat initialized with port(s): 8888 (http)
2023-05-13T13:36:34.045+04:00  INFO 9012 --- [main] o.apache.catalina.core.StandardService   : Starting service [Tomcat]
2023-05-13T13:36:34.046+04:00  INFO 9012 --- [main] o.apache.catalina.core.StandardEngine    : Starting Servlet engine: [Apache Tomcat/10.1.8]
2023-05-13T13:36:34.329+04:00  INFO 9012 --- [main] o.a.c.c.C.[Tomcat].[localhost].[/]       : Initializing Spring embedded WebApplicationContext
2023-05-13T13:36:34.329+04:00  INFO 9012 --- [main] w.s.c.ServletWebServerApplicationContext : Root WebApplicationContext: initialization completed in 5008 ms
2023-05-13T13:36:37.408+04:00  INFO 9012 --- [main] o.s.cloud.commons.util.InetUtils         : Cannot determine local hostname
2023-05-13T13:36:45.587+04:00  INFO 9012 --- [main] o.s.cloud.commons.util.InetUtils         : Cannot determine local hostname
2023-05-13T13:36:45.619+04:00  INFO 9012 --- [main] DiscoveryClientOptionalArgsConfiguration : Eureka HTTP Client uses RestTemplate.
2023-05-13T13:36:45.866+04:00  WARN 9012 --- [main] iguration$LoadBalancerCaffeineWarnLogger : Spring Cloud LoadBalancer is currently working with the default cache. While this cache implementation is useful for development and tests, it's recommended to use Caffeine cache in production.You can switch to using Caffeine cache, by adding it and org.springframework.cache.caffeine.CaffeineCacheManager to the classpath.
2023-05-13T13:36:45.890+04:00  INFO 9012 --- [main] o.s.b.a.e.web.EndpointLinksResolver      : Exposing 17 endpoint(s) beneath base path '/actuator'
2023-05-13T13:36:46.077+04:00  INFO 9012 --- [main] o.s.c.n.eureka.InstanceInfoFactory       : Setting initial instance status as: STARTING
2023-05-13T13:36:46.392+04:00  INFO 9012 --- [main] com.netflix.discovery.DiscoveryClient    : Initializing Eureka in region us-east-1
2023-05-13T13:36:46.426+04:00  INFO 9012 --- [main] c.n.d.s.r.aws.ConfigClusterResolver      : Resolving eureka endpoints via configuration
2023-05-13T13:36:46.499+04:00  INFO 9012 --- [main] com.netflix.discovery.DiscoveryClient    : Disable delta property : false
2023-05-13T13:36:46.500+04:00  INFO 9012 --- [main] com.netflix.discovery.DiscoveryClient    : Single vip registry refresh property : null
2023-05-13T13:36:46.500+04:00  INFO 9012 --- [main] com.netflix.discovery.DiscoveryClient    : Force full registry fetch : false
2023-05-13T13:36:46.500+04:00  INFO 9012 --- [main] com.netflix.discovery.DiscoveryClient    : Application is null : false
2023-05-13T13:36:46.501+04:00  INFO 9012 --- [main] com.netflix.discovery.DiscoveryClient    : Registered Applications size is zero : true
2023-05-13T13:36:46.501+04:00  INFO 9012 --- [main] com.netflix.discovery.DiscoveryClient    : Application version is -1: true
2023-05-13T13:36:46.501+04:00  INFO 9012 --- [main] com.netflix.discovery.DiscoveryClient    : Getting all instance registry info from the eureka server
2023-05-13T13:36:52.468+04:00  INFO 9012 --- [main] com.netflix.discovery.DiscoveryClient    : The response status is 200
2023-05-13T13:36:52.471+04:00  INFO 9012 --- [main] com.netflix.discovery.DiscoveryClient    : Starting heartbeat executor: renew interval is: 30
2023-05-13T13:36:52.476+04:00  INFO 9012 --- [main] c.n.discovery.InstanceInfoReplicator     : InstanceInfoReplicator onDemand update allowed rate per min is 4
2023-05-13T13:36:52.487+04:00  INFO 9012 --- [main] com.netflix.discovery.DiscoveryClient    : Discovery Client initialized at timestamp 1683970612485 with initial instances count: 0
2023-05-13T13:36:52.491+04:00  INFO 9012 --- [main] o.s.c.n.e.s.EurekaServiceRegistry        : Registering application CONFIG-SERVER-ECOMMERCE with eureka with status UP
2023-05-13T13:36:52.492+04:00  INFO 9012 --- [main] com.netflix.discovery.DiscoveryClient    : Saw local status change event StatusChangeEvent [timestamp=1683970612492, current=UP, previous=STARTING]
2023-05-13T13:36:52.496+04:00  INFO 9012 --- [DiscoveryClient-InstanceInfoReplicator-0] com.netflix.discovery.DiscoveryClient    : DiscoveryClient_CONFIG-SERVER-ECOMMERCE/localhost:config-server-ecommerce:8888: registering service...
2023-05-13T13:36:52.548+04:00  INFO 9012 --- [main] o.s.b.w.embedded.tomcat.TomcatWebServer  : Tomcat started on port(s): 8888 (http) with context path ''
2023-05-13T13:36:52.549+04:00  INFO 9012 --- [main] .s.c.n.e.s.EurekaAutoServiceRegistration : Updating port to 8888
2023-05-13T13:36:53.037+04:00  INFO 9012 --- [DiscoveryClient-InstanceInfoReplicator-0] com.netflix.discovery.DiscoveryClient    : DiscoveryClient_CONFIG-SERVER-ECOMMERCE/localhost:config-server-ecommerce:8888 - registration status: 204
2023-05-13T13:36:53.876+04:00  INFO 9012 --- [main] o.s.cloud.commons.util.InetUtils         : Cannot determine local hostname
2023-05-13T13:36:53.922+04:00  INFO 9012 --- [main] c.e.c.ConfigServerApplication            : Started ConfigServerApplication in 27.492 seconds (process running for 31.039)
2023-05-13T13:37:22.474+04:00  INFO 9012 --- [DiscoveryClient-CacheRefreshExecutor-0] com.netflix.discovery.DiscoveryClient    : Disable delta property : false
2023-05-13T13:37:22.476+04:00  INFO 9012 --- [DiscoveryClient-CacheRefreshExecutor-0] com.netflix.discovery.DiscoveryClient    : Single vip registry refresh property : null
2023-05-13T13:37:22.477+04:00  INFO 9012 --- [DiscoveryClient-CacheRefreshExecutor-0] com.netflix.discovery.DiscoveryClient    : Force full registry fetch : false
2023-05-13T13:37:22.477+04:00  INFO 9012 --- [DiscoveryClient-CacheRefreshExecutor-0] com.netflix.discovery.DiscoveryClient    : Application is null : false
2023-05-13T13:37:22.478+04:00  INFO 9012 --- [DiscoveryClient-CacheRefreshExecutor-0] com.netflix.discovery.DiscoveryClient    : Registered Applications size is zero : true
2023-05-13T13:37:22.478+04:00  INFO 9012 --- [DiscoveryClient-CacheRefreshExecutor-0] com.netflix.discovery.DiscoveryClient    : Application version is -1: false
2023-05-13T13:37:22.479+04:00  INFO 9012 --- [DiscoveryClient-CacheRefreshExecutor-0] com.netflix.discovery.DiscoveryClient    : Getting all instance registry info from the eureka server
2023-05-13T13:37:22.593+04:00  INFO 9012 --- [DiscoveryClient-CacheRefreshExecutor-0] com.netflix.discovery.DiscoveryClient    : The response status is 200
2023-05-13T13:39:12.461+04:00  INFO 9012 --- [http-nio-8888-exec-1] o.a.c.c.C.[Tomcat].[localhost].[/]       : Initializing Spring DispatcherServlet 'dispatcherServlet'
2023-05-13T13:39:12.462+04:00  INFO 9012 --- [http-nio-8888-exec-1] o.s.web.servlet.DispatcherServlet        : Initializing Servlet 'dispatcherServlet'
2023-05-13T13:39:12.466+04:00  INFO 9012 --- [http-nio-8888-exec-1] o.s.web.servlet.DispatcherServlet        : Completed initialization in 3 ms
2023-05-13T13:39:13.744+04:00  INFO 9012 --- [http-nio-8888-exec-1] o.s.c.c.s.e.NativeEnvironmentRepository  : Adding property source: Config resource 'file [C:\Users\HP\AppData\Local\Temp\config-repo-7311521028708018475\COUNTRY-AND-TOWN.properties]' via location 'file:/C:/Users/HP/AppData/Local/Temp/config-repo-7311521028708018475/'
2023-05-13T13:39:30.024+04:00  INFO 9012 --- [http-nio-8888-exec-2] o.s.c.c.s.e.NativeEnvironmentRepository  : Adding property source: Config resource 'file [C:\Users\HP\AppData\Local\Temp\config-repo-7311521028708018475\ECOMMERCE-BACKEND.properties]' via location 'file:/C:/Users/HP/AppData/Local/Temp/config-repo-7311521028708018475/'
2023-05-13T13:40:29.004+04:00  INFO 9012 --- [http-nio-8888-exec-4] o.s.c.c.s.e.NativeEnvironmentRepository  : Adding property source: Config resource 'file [C:\Users\HP\AppData\Local\Temp\config-repo-7311521028708018475\ECOMMERCE-ORDERS.properties]' via location 'file:/C:/Users/HP/AppData/Local/Temp/config-repo-7311521028708018475/'
2023-05-13T13:41:46.518+04:00  INFO 9012 --- [AsyncResolver-bootstrap-executor-0] c.n.d.s.r.aws.ConfigClusterResolver      : Resolving eureka endpoints via configuration
2023-05-13T13:46:46.534+04:00  INFO 9012 --- [AsyncResolver-bootstrap-executor-0] c.n.d.s.r.aws.ConfigClusterResolver      : Resolving eureka endpoints via configuration
2023-05-13T13:51:46.546+04:00  INFO 9012 --- [AsyncResolver-bootstrap-executor-0] c.n.d.s.r.aws.ConfigClusterResolver      : Resolving eureka endpoints via configuration
2023-05-13T13:56:46.549+04:00  INFO 9012 --- [AsyncResolver-bootstrap-executor-0] c.n.d.s.r.aws.ConfigClusterResolver      : Resolving eureka endpoints via configuration
2023-05-13T14:01:46.551+04:00  INFO 9012 --- [AsyncResolver-bootstrap-executor-0] c.n.d.s.r.aws.ConfigClusterResolver      : Resolving eureka endpoints via configuration
2023-05-13T14:06:46.566+04:00  INFO 9012 --- [AsyncResolver-bootstrap-executor-0] c.n.d.s.r.aws.ConfigClusterResolver      : Resolving eureka endpoints via configuration
